<?xml version="1.0" encoding="UTF-8"?>
<!-- Generated by org.testng.reporters.JUnitXMLReporter -->
<testsuite hostname="DESKTOP-L4HPMBD" name="Test Validate Title" tests="1" failures="1" timestamp="10 Aug 2019 22:47:24 GMT" time="25.945" errors="0">
  <testcase name="basePageNavigation" time="0.135" classname="Accademy.ValidateTitle">
    <failure type="java.lang.AssertionError" message="expected [FEATURED COURSES123] but found [FEATURED COURSES]">
      <![CDATA[java.lang.AssertionError: expected [FEATURED COURSES123] but found [FEATURED COURSES]
	at Accademy.ValidateTitle.basePageNavigation(ValidateTitle.java:49)
... Removed 29 stack frames]]>
    </failure>
  </testcase> <!-- basePageNavigation -->
</testsuite> <!-- Test Validate Title -->
