<?xml version="1.0" encoding="UTF-8"?>
<!-- Generated by org.testng.reporters.JUnitXMLReporter -->
<testsuite hostname="DESKTOP-L4HPMBD" name="Test" tests="4" failures="0" timestamp="10 Aug 2019 19:09:16 GMT" time="84.846" errors="0">
  <testcase name="validateNavigationBarPresence" time="0.276" classname="Accademy.ValidateNavigationBar"/>
  <testcase name="homePageNavigation" time="5.29" classname="Accademy.HomePage"/>
  <testcase name="homePageNavigation" time="1.408" classname="Accademy.HomePage"/>
  <testcase name="basePageNavigation" time="0.289" classname="Accademy.ValidateTitle"/>
</testsuite> <!-- Test -->
