<?xml version="1.0" encoding="UTF-8"?>
<!-- Generated by org.testng.reporters.JUnitXMLReporter -->
<testsuite hostname="DESKTOP-L4HPMBD" name="Test" tests="4" failures="0" timestamp="10 Aug 2019 22:02:02 GMT" time="83.277" errors="0">
  <testcase name="validateNavigationBarPresence" time="0.383" classname="Accademy.ValidateNavigationBar"/>
  <testcase name="homePageNavigation" time="5.065" classname="Accademy.HomePage"/>
  <testcase name="homePageNavigation" time="1.673" classname="Accademy.HomePage"/>
  <testcase name="basePageNavigation" time="0.211" classname="Accademy.ValidateTitle"/>
</testsuite> <!-- Test -->
